[debug] [2021-12-02T23:22:06.675Z] ----------------------------------------------------------------------
[debug] [2021-12-02T23:22:06.676Z] Command:       C:\Program Files\nodejs\node.exe C:\Users\Imran\.npm-global\node_modules\firebase-tools\lib\bin\firebase.js init
[debug] [2021-12-02T23:22:06.677Z] CLI Version:   9.23.0
[debug] [2021-12-02T23:22:06.677Z] Platform:      win32
[debug] [2021-12-02T23:22:06.677Z] Node Version:  v16.13.0
[debug] [2021-12-02T23:22:06.677Z] Time:          Fri Dec 03 2021 05:22:06 GMT+0600 (Bangladesh Standard Time)
[debug] [2021-12-02T23:22:06.678Z] ----------------------------------------------------------------------
[debug] 
[debug] [2021-12-02T23:22:06.727Z] > command requires scopes: ["email","openid","https://www.googleapis.com/auth/cloudplatformprojects.readonly","https://www.googleapis.com/auth/firebase","https://www.googleapis.com/auth/cloud-platform"]
[debug] [2021-12-02T23:22:06.728Z] > authorizing via signed-in user (bdwins65@gmail.com)
[info] 
     ######## #### ########  ######## ########     ###     ######  ########
     ##        ##  ##     ## ##       ##     ##  ##   ##  ##       ##
     ######    ##  ########  ######   ########  #########  ######  ######
     ##        ##  ##    ##  ##       ##     ## ##     ##       ## ##
     ##       #### ##     ## ######## ########  ##     ##  ######  ########

You're about to initialize a Firebase project in this directory:

  D:\Javascript\local-job\full-stack\client

Before we get started, keep in mind:

  * You are initializing within an existing Firebase project directory

[info] 
=== Project Setup
[info] 
[info] First, let's associate this project directory with a Firebase project.
[info] You can create multiple project aliases by running firebase use --add, 
[info] but for now we'll just set up a default project.
[info] 
[debug] [2021-12-02T23:22:24.253Z] >>> [apiv2][query] GET https://firebase.googleapis.com/v1beta1/projects/b24win-c0633 [none]
[debug] [2021-12-02T23:22:25.030Z] <<< [apiv2][status] GET https://firebase.googleapis.com/v1beta1/projects/b24win-c0633 200
[debug] [2021-12-02T23:22:25.030Z] <<< [apiv2][body] GET https://firebase.googleapis.com/v1beta1/projects/b24win-c0633 {"projectId":"b24win-c0633","projectNumber":"144113535461","displayName":"b24win","name":"projects/b24win-c0633","resources":{"hostingSite":"b24win-c0633"},"state":"ACTIVE"}
[info] i  Using project b24win-c0633 (b24win) 
[info] 
=== Hosting Setup
[info] 
[info] Your public directory is the folder (relative to your project directory) that
[info] will contain Hosting assets to be uploaded with firebase deploy. If you
[info] have a build process for your assets, use your build's output directory.
[info] 
[debug] [2021-12-02T23:22:30.471Z] >>> [apiv2][query] GET https://www.gstatic.com/firebasejs/releases.json [none]
[debug] [2021-12-02T23:22:30.697Z] <<< [apiv2][status] GET https://www.gstatic.com/firebasejs/releases.json 200
[debug] [2021-12-02T23:22:30.697Z] <<< [apiv2][body] GET https://www.gstatic.com/firebasejs/releases.json {"current":{"version":"9.6.0","browserURL":"https://www.gstatic.com/firebasejs/9.6.0/firebase.js","packageURL":"https://www.gstatic.com/firebasejs/9.6.0/firebase.tgz"},"live":{"version":"9.6","browserURL":"https://www.gstatic.com/firebasejs/live/9.6/firebase.js","packageURL":"https://www.gstatic.com/firebasejs/live/9.6/firebase.tgz"},"components":{"analytics":"https://www.gstatic.com/firebasejs/9.6.0/firebase-analytics.js","app":"https://www.gstatic.com/firebasejs/9.6.0/firebase-app.js","app-check":"https://www.gstatic.com/firebasejs/9.6.0/firebase-app-check.js","auth":"https://www.gstatic.com/firebasejs/9.6.0/firebase-auth.js","auth/cordova":"https://www.gstatic.com/firebasejs/9.6.0/firebase-auth/cordova.js","auth/react-native":"https://www.gstatic.com/firebasejs/9.6.0/firebase-auth/react-native.js","functions":"https://www.gstatic.com/firebasejs/9.6.0/firebase-functions.js","firestore":"https://www.gstatic.com/firebasejs/9.6.0/firebase-firestore.js","firestore/lite":"https://www.gstatic.com/firebasejs/9.6.0/firebase-firestore/lite.js","storage":"https://www.gstatic.com/firebasejs/9.6.0/firebase-storage.js","performance":"https://www.gstatic.com/firebasejs/9.6.0/firebase-performance.js","remote-config":"https://www.gstatic.com/firebasejs/9.6.0/firebase-remote-config.js","messaging":"https://www.gstatic.com/firebasejs/9.6.0/firebase-messaging.js","messaging/sw":"https://www.gstatic.com/firebasejs/9.6.0/firebase-messaging/sw.js","database":"https://www.gstatic.com/firebasejs/9.6.0/firebase-database.js","firestore.memory":"https://www.gstatic.com/firebasejs/9.6.0/firebase-firestore.memory.js"}}
[info] +  Wrote public/index.html 
[info] 
[info] i  Detected a .git folder at D:\Javascript\local-job\full-stack 
[info] i  Authorizing with GitHub to upload your service account to a GitHub repository's secrets store. 
[info] 
[info] Visit this URL on this device to log in:
[info] https://github.com/login/oauth/authorize?client_id=89cf50f02ac6aaed3484&state=265072412&redirect_uri=http%3A%2F%2Flocalhost%3A9005&scope=read%3Auser%20repo%20public_repo
[info] 
[info] Waiting for authentication...
[debug] [2021-12-02T23:22:33.654Z] >>> HTTP REQUEST POST https://github.com/login/oauth/access_token  
 {"client_id":"89cf50f02ac6aaed3484","client_secret":"3330d14abc895d9a74d5f17cd7a00711fa2c5bf0","code":"31e3990a999ab048baf1","redirect_uri":"http://localhost:9005","state":"265072412"}
[debug] [2021-12-02T23:22:34.561Z] <<< HTTP RESPONSE 200 {"server":"GitHub.com","date":"Thu, 02 Dec 2021 23:22:34 GMT","content-type":"application/json; charset=utf-8","transfer-encoding":"chunked","vary":"X-PJAX, X-PJAX-Container, Accept-Encoding, Accept, X-Requested-With","permissions-policy":"interest-cohort=()","etag":"W/\"4ba66942bea04a4ecc010cb04dfc277e\"","cache-control":"max-age=0, private, must-revalidate","strict-transport-security":"max-age=31536000; includeSubdomains; preload","x-frame-options":"deny","x-content-type-options":"nosniff","x-xss-protection":"0","referrer-policy":"origin-when-cross-origin, strict-origin-when-cross-origin","expect-ct":"max-age=2592000, report-uri=\"https://api.github.com/_private/browser/errors\"","content-security-policy":"default-src 'none'; base-uri 'self'; block-all-mixed-content; child-src github.com/assets-cdn/worker/ gist.github.com/assets-cdn/worker/; connect-src 'self' uploads.github.com objects-origin.githubusercontent.com www.githubstatus.com collector.githubapp.com api.github.com github-cloud.s3.amazonaws.com github-production-repository-file-5c1aeb.s3.amazonaws.com github-production-upload-manifest-file-7fdce7.s3.amazonaws.com github-production-user-asset-6210df.s3.amazonaws.com cdn.optimizely.com logx.optimizely.com/v1/events translator.github.com wss://alive.github.com; font-src github.githubassets.com; form-action 'self' github.com gist.github.com objects-origin.githubusercontent.com; frame-ancestors 'none'; frame-src render.githubusercontent.com viewscreen.githubusercontent.com notebooks.githubusercontent.com; img-src 'self' data: github.githubassets.com identicons.github.com collector.githubapp.com github-cloud.s3.amazonaws.com secured-user-images.githubusercontent.com/ *.githubusercontent.com; manifest-src 'self'; media-src github.com user-images.githubusercontent.com/; script-src github.githubassets.com; style-src 'unsafe-inline' github.githubassets.com; worker-src github.com/assets-cdn/worker/ gist.github.com/assets-cdn/worker/","x-github-request-id":"DE0F:1245B:5A3AC8:5F3E93:61A9553A"}
[debug] [2021-12-02T23:22:34.562Z] >>> [apiv2][query] GET https://api.github.com/user [none]
[debug] [2021-12-02T23:22:35.134Z] <<< [apiv2][status] GET https://api.github.com/user 200
[debug] [2021-12-02T23:22:35.135Z] <<< [apiv2][body] GET https://api.github.com/user {"login":"b24win","id":95451114,"node_id":"U_kgDOBbB36g","avatar_url":"https://avatars.githubusercontent.com/u/95451114?v=4","gravatar_id":"","url":"https://api.github.com/users/b24win","html_url":"https://github.com/b24win","followers_url":"https://api.github.com/users/b24win/followers","following_url":"https://api.github.com/users/b24win/following{/other_user}","gists_url":"https://api.github.com/users/b24win/gists{/gist_id}","starred_url":"https://api.github.com/users/b24win/starred{/owner}{/repo}","subscriptions_url":"https://api.github.com/users/b24win/subscriptions","organizations_url":"https://api.github.com/users/b24win/orgs","repos_url":"https://api.github.com/users/b24win/repos","events_url":"https://api.github.com/users/b24win/events{/privacy}","received_events_url":"https://api.github.com/users/b24win/received_events","type":"User","site_admin":false,"name":null,"company":null,"blog":"","location":null,"email":null,"hireable":null,"bio":null,"twitter_username":null,"public_repos":1,"public_gists":0,"followers":0,"following":0,"created_at":"2021-12-02T23:18:20Z","updated_at":"2021-12-02T23:19:27Z","private_gists":0,"total_private_repos":0,"owned_private_repos":0,"disk_usage":0,"collaborators":0,"two_factor_authentication":false,"plan":{"name":"free","space":976562499,"collaborators":0,"private_repos":10000}}
[info] 
[info] +  Success! Logged into GitHub as b24win 
[info] 
[debug] [2021-12-02T23:23:08.046Z] >>> [apiv2][query] GET https://api.github.com/repos/y/actions/secrets/public-key type=owner
[debug] [2021-12-02T23:23:08.494Z] <<< [apiv2][status] GET https://api.github.com/repos/y/actions/secrets/public-key 404
[debug] [2021-12-02T23:23:08.494Z] <<< [apiv2][body] GET https://api.github.com/repos/y/actions/secrets/public-key {"message":"Not Found","documentation_url":"https://docs.github.com/rest"}
[debug] [2021-12-02T23:23:11.478Z] >>> [apiv2][query] GET https://api.github.com/repos/yes/actions/secrets/public-key type=owner
[debug] [2021-12-02T23:23:11.938Z] <<< [apiv2][status] GET https://api.github.com/repos/yes/actions/secrets/public-key 404
[debug] [2021-12-02T23:23:11.939Z] <<< [apiv2][body] GET https://api.github.com/repos/yes/actions/secrets/public-key {"message":"Not Found","documentation_url":"https://docs.github.com/rest"}
[debug] [2021-12-02T23:23:19.702Z] >>> [apiv2][query] GET https://api.github.com/repos/n/actions/secrets/public-key type=owner
[debug] [2021-12-02T23:23:20.151Z] <<< [apiv2][status] GET https://api.github.com/repos/n/actions/secrets/public-key 404
[debug] [2021-12-02T23:23:20.151Z] <<< [apiv2][body] GET https://api.github.com/repos/n/actions/secrets/public-key {"message":"Not Found","documentation_url":"https://docs.github.com/rest"}
[debug] [2021-12-02T23:23:21.543Z] >>> [apiv2][query] GET https://api.github.com/repos/no/actions/secrets/public-key type=owner
[debug] [2021-12-02T23:23:21.988Z] <<< [apiv2][status] GET https://api.github.com/repos/no/actions/secrets/public-key 404
[debug] [2021-12-02T23:23:21.988Z] <<< [apiv2][body] GET https://api.github.com/repos/no/actions/secrets/public-key {"message":"Not Found","documentation_url":"https://docs.github.com/rest"}
[debug] [2021-12-02T23:23:50.838Z] >>> [apiv2][query] GET https://api.github.com/repos/dsadasd/actions/secrets/public-key type=owner
[debug] [2021-12-02T23:23:51.651Z] <<< [apiv2][status] GET https://api.github.com/repos/dsadasd/actions/secrets/public-key 404
[debug] [2021-12-02T23:23:51.651Z] <<< [apiv2][body] GET https://api.github.com/repos/dsadasd/actions/secrets/public-key {"message":"Not Found","documentation_url":"https://docs.github.com/rest"}
[debug] [2021-12-02T23:24:12.606Z] >>> [apiv2][query] GET https://api.github.com/repos/(format: user/repository)/actions/secrets/public-key type=owner
[debug] [2021-12-02T23:24:13.369Z] <<< [apiv2][status] GET https://api.github.com/repos/(format: user/repository)/actions/secrets/public-key 404
[debug] [2021-12-02T23:24:13.370Z] <<< [apiv2][body] GET https://api.github.com/repos/(format: user/repository)/actions/secrets/public-key {"message":"Not Found","documentation_url":"https://docs.github.com/rest/reference/actions#get-a-repository-public-key"}
[debug] [2021-12-02T23:24:13.574Z] >>> [apiv2][query] GET https://api.github.com/repos//actions/secrets/public-key type=owner
[debug] [2021-12-02T23:24:14.331Z] <<< [apiv2][status] GET https://api.github.com/repos//actions/secrets/public-key 404
[debug] [2021-12-02T23:24:14.331Z] <<< [apiv2][body] GET https://api.github.com/repos//actions/secrets/public-key {"message":"Not Found","documentation_url":"https://docs.github.com/rest"}
[debug] [2021-12-02T23:24:18.822Z] >>> [apiv2][query] GET https://api.github.com/repos/(format: user/repository)/actions/secrets/public-key type=owner
[debug] [2021-12-02T23:24:19.605Z] <<< [apiv2][status] GET https://api.github.com/repos/(format: user/repository)/actions/secrets/public-key 404
[debug] [2021-12-02T23:24:19.605Z] <<< [apiv2][body] GET https://api.github.com/repos/(format: user/repository)/actions/secrets/public-key {"message":"Not Found","documentation_url":"https://docs.github.com/rest/reference/actions#get-a-repository-public-key"}
